   ▲ Next.js 15.5.4
   - Local:        http://localhost:3000
   - Network:      http://10.0.0.9:3000
   - Environments: .env.local, .env

 ✓ Starting...
 ✓ Ready in 1000ms
 ○ Compiling / ...
 ✓ Compiled / in 1912ms (802 modules)
 HEAD / 200 in 2262ms
 GET / 200 in 124ms
 GET / 200 in 225ms
 ○ Compiling /api/auth/[...nextauth] ...
 ✓ Compiled /api/auth/[...nextauth] in 878ms (1047 modules)
 GET / 200 in 484ms
 GET /api/auth/session 200 in 1568ms
 GET /api/auth/session 200 in 41ms
 ✓ Compiled /industries/property-management in 199ms (1037 modules)
 GET /industries/property-management 200 in 304ms
 ✓ Compiled in 483ms (302 modules)
 GET /industries/property-management 200 in 88ms
 ✓ Compiled in 335ms (798 modules)
 GET /industries/property-management 200 in 148ms
 ✓ Compiled in 93ms (302 modules)
 GET /industries/property-management 200 in 122ms
 ✓ Compiled in 184ms (302 modules)
 GET /industries/property-management 200 in 59ms
 ✓ Compiled in 181ms (302 modules)
 ✓ Compiled in 155ms (302 modules)
 GET /industries/property-management 200 in 208ms
 GET /industries/property-management 200 in 51ms
 ✓ Compiled in 76ms (302 modules)
 GET /industries/property-management 200 in 94ms
 ✓ Compiled in 135ms (302 modules)
 ✓ Compiled in 105ms (302 modules)
 GET /industries/property-management 200 in 188ms
 GET /industries/property-management 200 in 83ms
 ✓ Compiled in 123ms (302 modules)
 GET /industries/property-management 200 in 42ms
 ✓ Compiled in 76ms (302 modules)
 ✓ Compiled in 175ms (302 modules)
 GET /industries/property-management 200 in 328ms
 GET /industries/property-management 200 in 86ms
 ✓ Compiled in 166ms (302 modules)
 ✓ Compiled in 298ms (302 modules)
 GET /industries/property-management 200 in 405ms
 GET /industries/property-management 200 in 88ms
 ✓ Compiled in 136ms (302 modules)
 ✓ Compiled in 132ms (302 modules)
 GET /industries/property-management 200 in 128ms
 GET /industries/property-management 200 in 38ms
 ⨯ SyntaxError: Unexpected end of JSON input
    at JSON.parse (<anonymous>) {
  page: '/industries/property-management'
}
 ○ Compiling /_error ...
 ✓ Compiled /_error in 1365ms (1124 modules)
 GET /industries/property-management 500 in 1740ms
 GET /industries/property-management 200 in 110ms
 GET /industries/property-management 200 in 35ms
 GET /industries/property-management 200 in 41ms
 GET /industries/property-management 200 in 286ms
 ✓ Compiled /middleware in 438ms (216 modules)
 ✓ Compiled /api/auth/[...nextauth] in 352ms (937 modules)
 GET /api/auth/session 200 in 589ms
 GET /api/auth/session 200 in 145ms
 GET /industries/property-management 200 in 406ms
 ✓ Compiled in 141ms (454 modules)
 ✓ Compiled in 186ms (454 modules)
 GET /industries/property-management 200 in 254ms
 GET /industries/property-management 200 in 70ms
 ✓ Compiled in 169ms (454 modules)
 GET /industries/property-management 200 in 493ms
 ✓ Compiled in 1193ms (1593 modules)
 GET /industries/property-management 200 in 1086ms
 GET /industries/property-management 200 in 91ms
 ✓ Compiled in 144ms (454 modules)
 ✓ Compiled in 134ms (454 modules)
 GET /industries/property-management 200 in 154ms
 GET /industries/property-management 200 in 109ms
 ✓ Compiled in 87ms (454 modules)
 GET /industries/property-management 200 in 133ms
 ✓ Compiled in 100ms (454 modules)
 GET /industries/property-management 200 in 99ms
 ✓ Compiled in 135ms (454 modules)
 GET /industries/property-management 200 in 48ms
 ✓ Compiled in 129ms (454 modules)
 ✓ Compiled in 142ms (454 modules)
 GET /industries/property-management 200 in 251ms
 GET /industries/property-management 200 in 97ms
 ✓ Compiled in 125ms (453 modules)
 ✓ Compiled in 129ms (453 modules)
 GET /industries/property-management 200 in 181ms
 GET /industries/property-management 200 in 51ms
 ✓ Compiled in 188ms (453 modules)
 ✓ Compiled in 146ms (453 modules)
 GET /industries/property-management 200 in 196ms
 GET /industries/property-management 200 in 52ms
 ✓ Compiled in 164ms (453 modules)
 ✓ Compiled in 195ms (453 modules)
 GET /industries/property-management 200 in 248ms
 GET /industries/property-management 200 in 50ms
 ✓ Compiled in 98ms (453 modules)
 ✓ Compiled in 210ms (453 modules)
 GET /industries/property-management 200 in 274ms
 GET /industries/property-management 200 in 47ms
 ✓ Compiled in 81ms (453 modules)
 ✓ Compiled in 93ms (453 modules)
 GET /industries/property-management 200 in 182ms
 GET /industries/property-management 200 in 52ms
 ✓ Compiled in 94ms (453 modules)
 ✓ Compiled in 118ms (453 modules)
 GET /industries/property-management 200 in 231ms
 GET /industries/property-management 200 in 94ms
 ✓ Compiled in 94ms (453 modules)
 ✓ Compiled in 100ms (453 modules)
 GET /industries/property-management 200 in 115ms
 GET /industries/property-management 200 in 45ms
 ✓ Compiled in 99ms (453 modules)
 ✓ Compiled in 124ms (453 modules)
 GET /industries/property-management 200 in 140ms
 GET /industries/property-management 200 in 121ms
 ✓ Compiled in 240ms (453 modules)
 ✓ Compiled in 224ms (453 modules)
 GET /industries/property-management 200 in 237ms
 GET /industries/property-management 200 in 59ms
 ✓ Compiled in 164ms (453 modules)
 ✓ Compiled in 167ms (453 modules)
 GET /industries/property-management 200 in 187ms
 ✓ Compiled in 394ms (1247 modules)
 GET /industries/property-management 200 in 597ms
 GET /industries/property-management 200 in 97ms
 GET /industries/property-management 200 in 50ms
 ✓ Compiled in 183ms (453 modules)
 ✓ Compiled in 240ms (453 modules)
 GET /industries/property-management 200 in 319ms
 GET /industries/property-management 200 in 77ms
 ✓ Compiled in 369ms (453 modules)
 ⨯ [Error: ENOENT: no such file or directory, open '/Users/prince/Documents/Omgsystems-Website/omgsystems-website/.next/routes-manifest.json'] {
  errno: -2,
  code: 'ENOENT',
  syscall: 'open',
  path: '/Users/prince/Documents/Omgsystems-Website/omgsystems-website/.next/routes-manifest.json',
  page: '/industries/property-management'
}
 ✓ Compiled /_error in 392ms (1124 modules)
 ⨯ Error: Cannot find module './5611.js'
Require stack:
- /Users/prince/Documents/Omgsystems-Website/omgsystems-website/.next/server/webpack-runtime.js
- /Users/prince/Documents/Omgsystems-Website/omgsystems-website/.next/server/pages/_document.js
- /Users/prince/Documents/Omgsystems-Website/omgsystems-website/node_modules/next/dist/server/require.js
- /Users/prince/Documents/Omgsystems-Website/omgsystems-website/node_modules/next/dist/server/load-components.js
- /Users/prince/Documents/Omgsystems-Website/omgsystems-website/node_modules/next/dist/build/utils.js
- /Users/prince/Documents/Omgsystems-Website/omgsystems-website/node_modules/next/dist/build/swc/options.js
- /Users/prince/Documents/Omgsystems-Website/omgsystems-website/node_modules/next/dist/build/swc/index.js
- /Users/prince/Documents/Omgsystems-Website/omgsystems-website/node_modules/next/dist/build/next-config-ts/transpile-config.js
- /Users/prince/Documents/Omgsystems-Website/omgsystems-website/node_modules/next/dist/server/config.js
- /Users/prince/Documents/Omgsystems-Website/omgsystems-website/node_modules/next/dist/server/next.js
- /Users/prince/Documents/Omgsystems-Website/omgsystems-website/node_modules/next/dist/server/lib/start-server.js
    at <unknown> (.next/server/pages/_document.js:1:327)
    at Object.<anonymous> (.next/server/pages/_document.js:1:374) {
  code: 'MODULE_NOT_FOUND',
  requireStack: [Array]
}
[Error: ENOENT: no such file or directory, open '/Users/prince/Documents/Omgsystems-Website/omgsystems-website/.next/routes-manifest.json'] {
  errno: -2,
  code: 'ENOENT',
  syscall: 'open',
  path: '/Users/prince/Documents/Omgsystems-Website/omgsystems-website/.next/routes-manifest.json',
  page: '/industries/property-management'
}
 ⨯ Error: Cannot find module './5611.js'
Require stack:
- /Users/prince/Documents/Omgsystems-Website/omgsystems-website/.next/server/webpack-runtime.js
- /Users/prince/Documents/Omgsystems-Website/omgsystems-website/.next/server/pages/_document.js
- /Users/prince/Documents/Omgsystems-Website/omgsystems-website/node_modules/next/dist/server/require.js
- /Users/prince/Documents/Omgsystems-Website/omgsystems-website/node_modules/next/dist/server/load-components.js
- /Users/prince/Documents/Omgsystems-Website/omgsystems-website/node_modules/next/dist/build/utils.js
- /Users/prince/Documents/Omgsystems-Website/omgsystems-website/node_modules/next/dist/build/swc/options.js
- /Users/prince/Documents/Omgsystems-Website/omgsystems-website/node_modules/next/dist/build/swc/index.js
- /Users/prince/Documents/Omgsystems-Website/omgsystems-website/node_modules/next/dist/build/next-config-ts/transpile-config.js
- /Users/prince/Documents/Omgsystems-Website/omgsystems-website/node_modules/next/dist/server/config.js
- /Users/prince/Documents/Omgsystems-Website/omgsystems-website/node_modules/next/dist/server/next.js
- /Users/prince/Documents/Omgsystems-Website/omgsystems-website/node_modules/next/dist/server/lib/start-server.js
    at <unknown> (.next/server/pages/_document.js:1:327)
    at Object.<anonymous> (.next/server/pages/_document.js:1:374) {
  code: 'MODULE_NOT_FOUND',
  requireStack: [Array]
}
[Error: ENOENT: no such file or directory, open '/Users/prince/Documents/Omgsystems-Website/omgsystems-website/.next/routes-manifest.json'] {
  errno: -2,
  code: 'ENOENT',
  syscall: 'open',
  path: '/Users/prince/Documents/Omgsystems-Website/omgsystems-website/.next/routes-manifest.json'
}
 GET /industries/property-management 500 in 3167ms
 GET /industries/property-management 500 in 47ms
 ⨯ Error: Cannot find module './4996.js'
Require stack:
- /Users/prince/Documents/Omgsystems-Website/omgsystems-website/.next/server/webpack-runtime.js
- /Users/prince/Documents/Omgsystems-Website/omgsystems-website/.next/server/pages/_document.js
- /Users/prince/Documents/Omgsystems-Website/omgsystems-website/node_modules/next/dist/server/require.js
- /Users/prince/Documents/Omgsystems-Website/omgsystems-website/node_modules/next/dist/server/load-components.js
- /Users/prince/Documents/Omgsystems-Website/omgsystems-website/node_modules/next/dist/build/utils.js
- /Users/prince/Documents/Omgsystems-Website/omgsystems-website/node_modules/next/dist/build/swc/options.js
- /Users/prince/Documents/Omgsystems-Website/omgsystems-website/node_modules/next/dist/build/swc/index.js
- /Users/prince/Documents/Omgsystems-Website/omgsystems-website/node_modules/next/dist/build/next-config-ts/transpile-config.js
- /Users/prince/Documents/Omgsystems-Website/omgsystems-website/node_modules/next/dist/server/config.js
- /Users/prince/Documents/Omgsystems-Website/omgsystems-website/node_modules/next/dist/server/next.js
- /Users/prince/Documents/Omgsystems-Website/omgsystems-website/node_modules/next/dist/server/lib/start-server.js
    at <unknown> (.next/server/app/industries/property-management/page.js:2:29847)
    at Object.<anonymous> (.next/server/app/industries/property-management/page.js:2:29904) {
  code: 'MODULE_NOT_FOUND',
  requireStack: [Array],
  page: '/industries/property-management'
}
 ⨯ Error: Cannot find module './5611.js'
Require stack:
- /Users/prince/Documents/Omgsystems-Website/omgsystems-website/.next/server/webpack-runtime.js
- /Users/prince/Documents/Omgsystems-Website/omgsystems-website/.next/server/pages/_document.js
- /Users/prince/Documents/Omgsystems-Website/omgsystems-website/node_modules/next/dist/server/require.js
- /Users/prince/Documents/Omgsystems-Website/omgsystems-website/node_modules/next/dist/server/load-components.js
- /Users/prince/Documents/Omgsystems-Website/omgsystems-website/node_modules/next/dist/build/utils.js
- /Users/prince/Documents/Omgsystems-Website/omgsystems-website/node_modules/next/dist/build/swc/options.js
- /Users/prince/Documents/Omgsystems-Website/omgsystems-website/node_modules/next/dist/build/swc/index.js
- /Users/prince/Documents/Omgsystems-Website/omgsystems-website/node_modules/next/dist/build/next-config-ts/transpile-config.js
- /Users/prince/Documents/Omgsystems-Website/omgsystems-website/node_modules/next/dist/server/config.js
- /Users/prince/Documents/Omgsystems-Website/omgsystems-website/node_modules/next/dist/server/next.js
- /Users/prince/Documents/Omgsystems-Website/omgsystems-website/node_modules/next/dist/server/lib/start-server.js
    at <unknown> (.next/server/pages/_document.js:1:327)
    at Object.<anonymous> (.next/server/pages/_document.js:1:374) {
  code: 'MODULE_NOT_FOUND',
  requireStack: [Array]
}
Error: Cannot find module './4996.js'
Require stack:
- /Users/prince/Documents/Omgsystems-Website/omgsystems-website/.next/server/webpack-runtime.js
- /Users/prince/Documents/Omgsystems-Website/omgsystems-website/.next/server/pages/_document.js
- /Users/prince/Documents/Omgsystems-Website/omgsystems-website/node_modules/next/dist/server/require.js
- /Users/prince/Documents/Omgsystems-Website/omgsystems-website/node_modules/next/dist/server/load-components.js
- /Users/prince/Documents/Omgsystems-Website/omgsystems-website/node_modules/next/dist/build/utils.js
- /Users/prince/Documents/Omgsystems-Website/omgsystems-website/node_modules/next/dist/build/swc/options.js
- /Users/prince/Documents/Omgsystems-Website/omgsystems-website/node_modules/next/dist/build/swc/index.js
- /Users/prince/Documents/Omgsystems-Website/omgsystems-website/node_modules/next/dist/build/next-config-ts/transpile-config.js
- /Users/prince/Documents/Omgsystems-Website/omgsystems-website/node_modules/next/dist/server/config.js
- /Users/prince/Documents/Omgsystems-Website/omgsystems-website/node_modules/next/dist/server/next.js
- /Users/prince/Documents/Omgsystems-Website/omgsystems-website/node_modules/next/dist/server/lib/start-server.js
    at <unknown> (.next/server/app/industries/property-management/page.js:2:29847)
    at Object.<anonymous> (.next/server/app/industries/property-management/page.js:2:29904) {
  code: 'MODULE_NOT_FOUND',
  requireStack: [Array],
  page: '/industries/property-management'
}
 ⨯ Error: Cannot find module './5611.js'
Require stack:
- /Users/prince/Documents/Omgsystems-Website/omgsystems-website/.next/server/webpack-runtime.js
- /Users/prince/Documents/Omgsystems-Website/omgsystems-website/.next/server/pages/_document.js
- /Users/prince/Documents/Omgsystems-Website/omgsystems-website/node_modules/next/dist/server/require.js
- /Users/prince/Documents/Omgsystems-Website/omgsystems-website/node_modules/next/dist/server/load-components.js
- /Users/prince/Documents/Omgsystems-Website/omgsystems-website/node_modules/next/dist/build/utils.js
- /Users/prince/Documents/Omgsystems-Website/omgsystems-website/node_modules/next/dist/build/swc/options.js
- /Users/prince/Documents/Omgsystems-Website/omgsystems-website/node_modules/next/dist/build/swc/index.js
- /Users/prince/Documents/Omgsystems-Website/omgsystems-website/node_modules/next/dist/build/next-config-ts/transpile-config.js
- /Users/prince/Documents/Omgsystems-Website/omgsystems-website/node_modules/next/dist/server/config.js
- /Users/prince/Documents/Omgsystems-Website/omgsystems-website/node_modules/next/dist/server/next.js
- /Users/prince/Documents/Omgsystems-Website/omgsystems-website/node_modules/next/dist/server/lib/start-server.js
    at <unknown> (.next/server/pages/_document.js:1:327)
    at Object.<anonymous> (.next/server/pages/_document.js:1:374) {
  code: 'MODULE_NOT_FOUND',
  requireStack: [Array]
}
[Error: ENOENT: no such file or directory, open '/Users/prince/Documents/Omgsystems-Website/omgsystems-website/.next/routes-manifest.json'] {
  errno: -2,
  code: 'ENOENT',
  syscall: 'open',
  path: '/Users/prince/Documents/Omgsystems-Website/omgsystems-website/.next/routes-manifest.json'
}
 GET /industries/property-management 500 in 236ms
 GET /industries/property-management 500 in 86ms
 ✓ Compiled in 857ms (454 modules)
 ✓ Compiled in 194ms (454 modules)
 ✓ Compiled in 242ms (454 modules)
 ✓ Compiled in 181ms (454 modules)
 ✓ Compiled in 96ms (454 modules)
 ✓ Compiled in 93ms (454 modules)
 ✓ Compiled in 126ms (453 modules)
 ✓ Compiled in 77ms (453 modules)
 ✓ Compiled in 63ms (453 modules)
 ✓ Compiled in 145ms (453 modules)
 ✓ Compiled in 124ms (453 modules)
 ✓ Compiled in 104ms (453 modules)
 ✓ Compiled in 198ms (453 modules)
 ✓ Compiled in 221ms (453 modules)
 ✓ Compiled in 129ms (453 modules)
 ✓ Compiled in 134ms (453 modules)
 ✓ Compiled in 73ms (453 modules)
 ✓ Compiled in 66ms (453 modules)
 ✓ Compiled in 63ms (453 modules)
 ✓ Compiled in 103ms (453 modules)
 ✓ Compiled in 66ms (453 modules)
 ✓ Compiled in 65ms (453 modules)
 ✓ Compiled in 59ms (453 modules)
 ✓ Compiled in 85ms (669 modules)
 ✓ Compiled in 82ms (669 modules)
 ✓ Compiled in 74ms (453 modules)
 ✓ Compiled in 94ms (453 modules)
 ✓ Compiled in 77ms (453 modules)
 ✓ Compiled in 67ms (453 modules)
 ✓ Compiled in 64ms (453 modules)
 ✓ Compiled in 88ms (453 modules)
 ✓ Compiled in 71ms (453 modules)
 ✓ Compiled in 66ms (453 modules)
 HEAD / 200 in 106ms
 ✓ Compiled in 97ms (453 modules)
 ✓ Compiled in 424ms (1045 modules)
 ✓ Compiled in 71ms (453 modules)
 ✓ Compiled in 449ms (1261 modules)
 ⨯ TypeError: Cannot read properties of undefined (reading 'call')
    at Object.c [as require] (.next/server/webpack-runtime.js:1:128) {
  digest: '3119054178'
}
TypeError: Cannot read properties of undefined (reading 'call')
    at Object.c [as require] (.next/server/webpack-runtime.js:1:128)
 ⨯ TypeError: Cannot read properties of undefined (reading 'call')
    at Object.c [as require] (.next/server/webpack-runtime.js:1:128)
 ⨯ TypeError: Cannot read properties of undefined (reading 'call')
    at Object.c [as require] (.next/server/webpack-runtime.js:1:128) {
  page: '/'
}
 ✓ Compiled /_error in 247ms (1124 modules)
 ⨯ Error: Cannot find module './5611.js'
Require stack:
- /Users/prince/Documents/Omgsystems-Website/omgsystems-website/.next/server/webpack-runtime.js
- /Users/prince/Documents/Omgsystems-Website/omgsystems-website/.next/server/pages/_document.js
- /Users/prince/Documents/Omgsystems-Website/omgsystems-website/node_modules/next/dist/server/require.js
- /Users/prince/Documents/Omgsystems-Website/omgsystems-website/node_modules/next/dist/server/load-components.js
- /Users/prince/Documents/Omgsystems-Website/omgsystems-website/node_modules/next/dist/build/utils.js
- /Users/prince/Documents/Omgsystems-Website/omgsystems-website/node_modules/next/dist/build/swc/options.js
- /Users/prince/Documents/Omgsystems-Website/omgsystems-website/node_modules/next/dist/build/swc/index.js
- /Users/prince/Documents/Omgsystems-Website/omgsystems-website/node_modules/next/dist/build/next-config-ts/transpile-config.js
- /Users/prince/Documents/Omgsystems-Website/omgsystems-website/node_modules/next/dist/server/config.js
- /Users/prince/Documents/Omgsystems-Website/omgsystems-website/node_modules/next/dist/server/next.js
- /Users/prince/Documents/Omgsystems-Website/omgsystems-website/node_modules/next/dist/server/lib/start-server.js
    at <unknown> (.next/server/pages/_document.js:1:327)
    at Object.<anonymous> (.next/server/pages/_document.js:1:374) {
  code: 'MODULE_NOT_FOUND',
  requireStack: [Array]
}
[TypeError: Cannot read properties of undefined (reading '/_app')]
 ⨯ [TypeError: Cannot read properties of undefined (reading '/_app')]
[TypeError: Cannot read properties of undefined (reading 'call')] {
  page: '/'
}
 ⨯ Error: Cannot find module './5611.js'
Require stack:
- /Users/prince/Documents/Omgsystems-Website/omgsystems-website/.next/server/webpack-runtime.js
- /Users/prince/Documents/Omgsystems-Website/omgsystems-website/.next/server/pages/_document.js
- /Users/prince/Documents/Omgsystems-Website/omgsystems-website/node_modules/next/dist/server/require.js
- /Users/prince/Documents/Omgsystems-Website/omgsystems-website/node_modules/next/dist/server/load-components.js
- /Users/prince/Documents/Omgsystems-Website/omgsystems-website/node_modules/next/dist/build/utils.js
- /Users/prince/Documents/Omgsystems-Website/omgsystems-website/node_modules/next/dist/build/swc/options.js
- /Users/prince/Documents/Omgsystems-Website/omgsystems-website/node_modules/next/dist/build/swc/index.js
- /Users/prince/Documents/Omgsystems-Website/omgsystems-website/node_modules/next/dist/build/next-config-ts/transpile-config.js
- /Users/prince/Documents/Omgsystems-Website/omgsystems-website/node_modules/next/dist/server/config.js
- /Users/prince/Documents/Omgsystems-Website/omgsystems-website/node_modules/next/dist/server/next.js
- /Users/prince/Documents/Omgsystems-Website/omgsystems-website/node_modules/next/dist/server/lib/start-server.js
    at <unknown> (.next/server/pages/_document.js:1:327)
    at Object.<anonymous> (.next/server/pages/_document.js:1:374) {
  code: 'MODULE_NOT_FOUND',
  requireStack: [Array]
}
[TypeError: Cannot read properties of undefined (reading '/_app')]
 ⨯ [TypeError: Cannot read properties of undefined (reading '/_app')]
[TypeError: Cannot read properties of undefined (reading '/_app')]
 HEAD / 500 in 988ms
 HEAD / 500 in 20ms
[?25h
